<?xml version="1.0" encoding="UTF-8"?>
<testsuite xmlns:xsi="http://www.w3.org/2001/XMLSchema-instance" xsi:noNamespaceSchemaLocation="https://maven.apache.org/surefire/maven-surefire-plugin/xsd/surefire-test-report-3.0.xsd" version="3.0" name="com.github.pihme.jenkinstestbed.module1.FlakyErrorTest" time="0.001" tests="2" errors="1" skipped="0" failures="0">
  <properties>
[...]
</properties>
  <testcase name="failNever" classname="com.github.pihme.jenkinstestbed.module1.FlakyErrorTest" time="0">
    <flakyError message="Oops, something happeeed" type="java.lang.RuntimeException">
      <stackTrace><![CDATA[java.lang.RuntimeException: Oops, something happeeed
	at com.github.pihme.jenkinstestbed.module1.FlakyErrorTest.setUp(FlakyErrorTest.java:16)
]]></stackTrace>
      <system-out><![CDATA[Flaky error
]]></system-out>
    </flakyError>
  </testcase>
</testsuite>